  short_time_energy.cpp
e:\vsproject\cpp_speech\chapter02_tfdomain_shorttime\chapter02_tfdomain_shorttime\short_time_energy.cpp : warning C4828: 文件包含在偏移 0x6a 处开始的字符，该字符在当前源字符集中无效(代码页 65001)。
e:\vsproject\cpp_speech\chapter02_tfdomain_shorttime\chapter02_tfdomain_shorttime\short_time_energy.cpp : warning C4828: 文件包含在偏移 0x6c 处开始的字符，该字符在当前源字符集中无效(代码页 65001)。
e:\vsproject\cpp_speech\chapter02_tfdomain_shorttime\chapter02_tfdomain_shorttime\short_time_energy.cpp : warning C4828: 文件包含在偏移 0x6e 处开始的字符，该字符在当前源字符集中无效(代码页 65001)。
e:\vsproject\cpp_speech\chapter02_tfdomain_shorttime\chapter02_tfdomain_shorttime\short_time_energy.cpp : warning C4828: 文件包含在偏移 0x6f 处开始的字符，该字符在当前源字符集中无效(代码页 65001)。
e:\vsproject\cpp_speech\chapter02_tfdomain_shorttime\chapter02_tfdomain_shorttime\short_time_energy.cpp : warning C4828: 文件包含在偏移 0x70 处开始的字符，该字符在当前源字符集中无效(代码页 65001)。
e:\vsproject\cpp_speech\chapter02_tfdomain_shorttime\chapter02_tfdomain_shorttime\short_time_energy.cpp : warning C4828: 文件包含在偏移 0x72 处开始的字符，该字符在当前源字符集中无效(代码页 65001)。
e:\vsproject\cpp_speech\chapter02_tfdomain_shorttime\chapter02_tfdomain_shorttime\short_time_energy.cpp : warning C4828: 文件包含在偏移 0x74 处开始的字符，该字符在当前源字符集中无效(代码页 65001)。
e:\vsproject\cpp_speech\chapter02_tfdomain_shorttime\chapter02_tfdomain_shorttime\short_time_energy.cpp : warning C4828: 文件包含在偏移 0x76 处开始的字符，该字符在当前源字符集中无效(代码页 65001)。
e:\vsproject\cpp_speech\chapter02_tfdomain_shorttime\chapter02_tfdomain_shorttime\short_time_energy.cpp : warning C4828: 文件包含在偏移 0x77 处开始的字符，该字符在当前源字符集中无效(代码页 65001)。
e:\vsproject\cpp_speech\chapter02_tfdomain_shorttime\chapter02_tfdomain_shorttime\short_time_energy.cpp : warning C4828: 文件包含在偏移 0x80 处开始的字符，该字符在当前源字符集中无效(代码页 65001)。
e:\vsproject\cpp_speech\chapter02_tfdomain_shorttime\chapter02_tfdomain_shorttime\short_time_energy.cpp : warning C4828: 文件包含在偏移 0x81 处开始的字符，该字符在当前源字符集中无效(代码页 65001)。
e:\vsproject\cpp_speech\chapter02_tfdomain_shorttime\chapter02_tfdomain_shorttime\short_time_energy.cpp : warning C4828: 文件包含在偏移 0x82 处开始的字符，该字符在当前源字符集中无效(代码页 65001)。
e:\vsproject\cpp_speech\chapter02_tfdomain_shorttime\chapter02_tfdomain_shorttime\short_time_energy.cpp : warning C4828: 文件包含在偏移 0x83 处开始的字符，该字符在当前源字符集中无效(代码页 65001)。
e:\vsproject\cpp_speech\chapter02_tfdomain_shorttime\chapter02_tfdomain_shorttime\short_time_energy.cpp : warning C4828: 文件包含在偏移 0x84 处开始的字符，该字符在当前源字符集中无效(代码页 65001)。
e:\vsproject\cpp_speech\chapter02_tfdomain_shorttime\chapter02_tfdomain_shorttime\short_time_energy.cpp : warning C4828: 文件包含在偏移 0x85 处开始的字符，该字符在当前源字符集中无效(代码页 65001)。
e:\vsproject\cpp_speech\chapter02_tfdomain_shorttime\chapter02_tfdomain_shorttime\short_time_energy.cpp : warning C4828: 文件包含在偏移 0x86 处开始的字符，该字符在当前源字符集中无效(代码页 65001)。
e:\vsproject\cpp_speech\chapter02_tfdomain_shorttime\chapter02_tfdomain_shorttime\short_time_energy.cpp : warning C4828: 文件包含在偏移 0x8b 处开始的字符，该字符在当前源字符集中无效(代码页 65001)。
e:\vsproject\cpp_speech\chapter02_tfdomain_shorttime\chapter02_tfdomain_shorttime\short_time_energy.cpp : warning C4828: 文件包含在偏移 0x8c 处开始的字符，该字符在当前源字符集中无效(代码页 65001)。
e:\vsproject\cpp_speech\chapter02_tfdomain_shorttime\chapter02_tfdomain_shorttime\short_time_energy.cpp : warning C4828: 文件包含在偏移 0x8f 处开始的字符，该字符在当前源字符集中无效(代码页 65001)。
e:\vsproject\cpp_speech\chapter02_tfdomain_shorttime\chapter02_tfdomain_shorttime\short_time_energy.cpp : warning C4828: 文件包含在偏移 0xa1 处开始的字符，该字符在当前源字符集中无效(代码页 65001)。
e:\vsproject\cpp_speech\chapter02_tfdomain_shorttime\chapter02_tfdomain_shorttime\short_time_energy.cpp : warning C4828: 文件包含在偏移 0xa3 处开始的字符，该字符在当前源字符集中无效(代码页 65001)。
e:\vsproject\cpp_speech\chapter02_tfdomain_shorttime\chapter02_tfdomain_shorttime\short_time_energy.cpp : warning C4828: 文件包含在偏移 0xa4 处开始的字符，该字符在当前源字符集中无效(代码页 65001)。
e:\vsproject\cpp_speech\chapter02_tfdomain_shorttime\chapter02_tfdomain_shorttime\short_time_energy.cpp : warning C4828: 文件包含在偏移 0xa8 处开始的字符，该字符在当前源字符集中无效(代码页 65001)。
e:\vsproject\cpp_speech\chapter02_tfdomain_shorttime\chapter02_tfdomain_shorttime\short_time_energy.cpp : warning C4828: 文件包含在偏移 0xab 处开始的字符，该字符在当前源字符集中无效(代码页 65001)。
e:\vsproject\cpp_speech\chapter02_tfdomain_shorttime\chapter02_tfdomain_shorttime\short_time_energy.cpp : warning C4828: 文件包含在偏移 0xac 处开始的字符，该字符在当前源字符集中无效(代码页 65001)。
e:\vsproject\cpp_speech\chapter02_tfdomain_shorttime\chapter02_tfdomain_shorttime\short_time_energy.cpp : warning C4828: 文件包含在偏移 0xae 处开始的字符，该字符在当前源字符集中无效(代码页 65001)。
e:\vsproject\cpp_speech\chapter02_tfdomain_shorttime\chapter02_tfdomain_shorttime\short_time_energy.cpp : warning C4828: 文件包含在偏移 0xaf 处开始的字符，该字符在当前源字符集中无效(代码页 65001)。
e:\vsproject\cpp_speech\chapter02_tfdomain_shorttime\chapter02_tfdomain_shorttime\short_time_energy.cpp : warning C4828: 文件包含在偏移 0xb1 处开始的字符，该字符在当前源字符集中无效(代码页 65001)。
e:\vsproject\cpp_speech\chapter02_tfdomain_shorttime\chapter02_tfdomain_shorttime\short_time_energy.cpp : warning C4828: 文件包含在偏移 0xb2 处开始的字符，该字符在当前源字符集中无效(代码页 65001)。
e:\vsproject\cpp_speech\chapter02_tfdomain_shorttime\chapter02_tfdomain_shorttime\short_time_energy.cpp : warning C4828: 文件包含在偏移 0xb3 处开始的字符，该字符在当前源字符集中无效(代码页 65001)。
e:\vsproject\cpp_speech\chapter02_tfdomain_shorttime\chapter02_tfdomain_shorttime\short_time_energy.cpp : warning C4828: 文件包含在偏移 0xb4 处开始的字符，该字符在当前源字符集中无效(代码页 65001)。
e:\vsproject\cpp_speech\chapter02_tfdomain_shorttime\chapter02_tfdomain_shorttime\short_time_energy.cpp : warning C4828: 文件包含在偏移 0xb7 处开始的字符，该字符在当前源字符集中无效(代码页 65001)。
e:\vsproject\cpp_speech\chapter02_tfdomain_shorttime\chapter02_tfdomain_shorttime\short_time_energy.cpp : warning C4828: 文件包含在偏移 0xc2 处开始的字符，该字符在当前源字符集中无效(代码页 65001)。
e:\vsproject\cpp_speech\chapter02_tfdomain_shorttime\chapter02_tfdomain_shorttime\short_time_energy.cpp : warning C4828: 文件包含在偏移 0xc3 处开始的字符，该字符在当前源字符集中无效(代码页 65001)。
e:\vsproject\cpp_speech\chapter02_tfdomain_shorttime\chapter02_tfdomain_shorttime\short_time_energy.cpp : warning C4828: 文件包含在偏移 0xc4 处开始的字符，该字符在当前源字符集中无效(代码页 65001)。
e:\vsproject\cpp_speech\chapter02_tfdomain_shorttime\chapter02_tfdomain_shorttime\short_time_energy.cpp : warning C4828: 文件包含在偏移 0xc6 处开始的字符，该字符在当前源字符集中无效(代码页 65001)。
e:\vsproject\cpp_speech\chapter02_tfdomain_shorttime\chapter02_tfdomain_shorttime\short_time_energy.cpp : warning C4828: 文件包含在偏移 0xc8 处开始的字符，该字符在当前源字符集中无效(代码页 65001)。
e:\vsproject\cpp_speech\chapter02_tfdomain_shorttime\chapter02_tfdomain_shorttime\short_time_energy.cpp : warning C4828: 文件包含在偏移 0xca 处开始的字符，该字符在当前源字符集中无效(代码页 65001)。
e:\vsproject\cpp_speech\chapter02_tfdomain_shorttime\chapter02_tfdomain_shorttime\short_time_energy.cpp : warning C4828: 文件包含在偏移 0xcb 处开始的字符，该字符在当前源字符集中无效(代码页 65001)。
e:\vsproject\cpp_speech\chapter02_tfdomain_shorttime\chapter02_tfdomain_shorttime\short_time_energy.cpp : warning C4828: 文件包含在偏移 0xcc 处开始的字符，该字符在当前源字符集中无效(代码页 65001)。
e:\vsproject\cpp_speech\chapter02_tfdomain_shorttime\chapter02_tfdomain_shorttime\short_time_energy.cpp : warning C4828: 文件包含在偏移 0xcd 处开始的字符，该字符在当前源字符集中无效(代码页 65001)。
e:\vsproject\cpp_speech\chapter02_tfdomain_shorttime\chapter02_tfdomain_shorttime\short_time_energy.cpp : warning C4828: 文件包含在偏移 0xcf 处开始的字符，该字符在当前源字符集中无效(代码页 65001)。
e:\vsproject\cpp_speech\chapter02_tfdomain_shorttime\chapter02_tfdomain_shorttime\short_time_energy.cpp : warning C4828: 文件包含在偏移 0xd2 处开始的字符，该字符在当前源字符集中无效(代码页 65001)。
e:\vsproject\cpp_speech\chapter02_tfdomain_shorttime\chapter02_tfdomain_shorttime\short_time_energy.cpp : warning C4828: 文件包含在偏移 0xd4 处开始的字符，该字符在当前源字符集中无效(代码页 65001)。
e:\vsproject\cpp_speech\chapter02_tfdomain_shorttime\chapter02_tfdomain_shorttime\short_time_energy.cpp : warning C4828: 文件包含在偏移 0xd6 处开始的字符，该字符在当前源字符集中无效(代码页 65001)。
e:\vsproject\cpp_speech\chapter02_tfdomain_shorttime\chapter02_tfdomain_shorttime\short_time_energy.cpp : warning C4828: 文件包含在偏移 0xdb 处开始的字符，该字符在当前源字符集中无效(代码页 65001)。
e:\vsproject\cpp_speech\chapter02_tfdomain_shorttime\chapter02_tfdomain_shorttime\short_time_energy.cpp : warning C4828: 文件包含在偏移 0xdd 处开始的字符，该字符在当前源字符集中无效(代码页 65001)。
e:\vsproject\cpp_speech\chapter02_tfdomain_shorttime\chapter02_tfdomain_shorttime\short_time_energy.cpp : warning C4828: 文件包含在偏移 0xde 处开始的字符，该字符在当前源字符集中无效(代码页 65001)。
e:\vsproject\cpp_speech\chapter02_tfdomain_shorttime\chapter02_tfdomain_shorttime\short_time_energy.cpp : warning C4828: 文件包含在偏移 0xe0 处开始的字符，该字符在当前源字符集中无效(代码页 65001)。
e:\vsproject\cpp_speech\chapter02_tfdomain_shorttime\chapter02_tfdomain_shorttime\short_time_energy.cpp : warning C4828: 文件包含在偏移 0xe1 处开始的字符，该字符在当前源字符集中无效(代码页 65001)。
e:\vsproject\cpp_speech\chapter02_tfdomain_shorttime\chapter02_tfdomain_shorttime\short_time_energy.cpp : warning C4828: 文件包含在偏移 0xe7 处开始的字符，该字符在当前源字符集中无效(代码页 65001)。
e:\vsproject\cpp_speech\chapter02_tfdomain_shorttime\chapter02_tfdomain_shorttime\short_time_energy.cpp : warning C4828: 文件包含在偏移 0xe9 处开始的字符，该字符在当前源字符集中无效(代码页 65001)。
e:\vsproject\cpp_speech\chapter02_tfdomain_shorttime\chapter02_tfdomain_shorttime\short_time_energy.cpp : warning C4828: 文件包含在偏移 0xeb 处开始的字符，该字符在当前源字符集中无效(代码页 65001)。
e:\vsproject\cpp_speech\chapter02_tfdomain_shorttime\chapter02_tfdomain_shorttime\short_time_energy.cpp : warning C4828: 文件包含在偏移 0xec 处开始的字符，该字符在当前源字符集中无效(代码页 65001)。
e:\vsproject\cpp_speech\chapter02_tfdomain_shorttime\chapter02_tfdomain_shorttime\short_time_energy.cpp : warning C4828: 文件包含在偏移 0xff 处开始的字符，该字符在当前源字符集中无效(代码页 65001)。
e:\vsproject\cpp_speech\chapter02_tfdomain_shorttime\chapter02_tfdomain_shorttime\short_time_energy.cpp : warning C4828: 文件包含在偏移 0x101 处开始的字符，该字符在当前源字符集中无效(代码页 65001)。
e:\vsproject\cpp_speech\chapter02_tfdomain_shorttime\chapter02_tfdomain_shorttime\short_time_energy.cpp : warning C4828: 文件包含在偏移 0x103 处开始的字符，该字符在当前源字符集中无效(代码页 65001)。
e:\vsproject\cpp_speech\chapter02_tfdomain_shorttime\chapter02_tfdomain_shorttime\short_time_energy.cpp : warning C4828: 文件包含在偏移 0x104 处开始的字符，该字符在当前源字符集中无效(代码页 65001)。
e:\vsproject\cpp_speech\chapter02_tfdomain_shorttime\chapter02_tfdomain_shorttime\short_time_energy.cpp : warning C4828: 文件包含在偏移 0x114 处开始的字符，该字符在当前源字符集中无效(代码页 65001)。
e:\vsproject\cpp_speech\chapter02_tfdomain_shorttime\chapter02_tfdomain_shorttime\short_time_energy.cpp : warning C4828: 文件包含在偏移 0x116 处开始的字符，该字符在当前源字符集中无效(代码页 65001)。
e:\vsproject\cpp_speech\chapter02_tfdomain_shorttime\chapter02_tfdomain_shorttime\short_time_energy.cpp : warning C4828: 文件包含在偏移 0x117 处开始的字符，该字符在当前源字符集中无效(代码页 65001)。
e:\vsproject\cpp_speech\chapter02_tfdomain_shorttime\chapter02_tfdomain_shorttime\short_time_energy.cpp : warning C4828: 文件包含在偏移 0x11b 处开始的字符，该字符在当前源字符集中无效(代码页 65001)。
e:\vsproject\cpp_speech\chapter02_tfdomain_shorttime\chapter02_tfdomain_shorttime\short_time_energy.cpp : warning C4828: 文件包含在偏移 0x121 处开始的字符，该字符在当前源字符集中无效(代码页 65001)。
e:\vsproject\cpp_speech\chapter02_tfdomain_shorttime\chapter02_tfdomain_shorttime\short_time_energy.cpp : warning C4828: 文件包含在偏移 0x122 处开始的字符，该字符在当前源字符集中无效(代码页 65001)。
e:\vsproject\cpp_speech\chapter02_tfdomain_shorttime\chapter02_tfdomain_shorttime\short_time_energy.cpp : warning C4828: 文件包含在偏移 0x124 处开始的字符，该字符在当前源字符集中无效(代码页 65001)。
e:\vsproject\cpp_speech\chapter02_tfdomain_shorttime\chapter02_tfdomain_shorttime\short_time_energy.cpp : warning C4828: 文件包含在偏移 0x125 处开始的字符，该字符在当前源字符集中无效(代码页 65001)。
e:\vsproject\cpp_speech\chapter02_tfdomain_shorttime\chapter02_tfdomain_shorttime\short_time_energy.cpp : warning C4828: 文件包含在偏移 0x126 处开始的字符，该字符在当前源字符集中无效(代码页 65001)。
e:\vsproject\cpp_speech\chapter02_tfdomain_shorttime\chapter02_tfdomain_shorttime\short_time_energy.cpp : warning C4828: 文件包含在偏移 0x12c 处开始的字符，该字符在当前源字符集中无效(代码页 65001)。
e:\vsproject\cpp_speech\chapter02_tfdomain_shorttime\chapter02_tfdomain_shorttime\short_time_energy.cpp : warning C4828: 文件包含在偏移 0x12e 处开始的字符，该字符在当前源字符集中无效(代码页 65001)。
e:\vsproject\cpp_speech\chapter02_tfdomain_shorttime\chapter02_tfdomain_shorttime\short_time_energy.cpp : warning C4828: 文件包含在偏移 0x130 处开始的字符，该字符在当前源字符集中无效(代码页 65001)。
e:\vsproject\cpp_speech\chapter02_tfdomain_shorttime\chapter02_tfdomain_shorttime\short_time_energy.cpp : warning C4828: 文件包含在偏移 0x131 处开始的字符，该字符在当前源字符集中无效(代码页 65001)。
e:\vsproject\cpp_speech\chapter02_tfdomain_shorttime\chapter02_tfdomain_shorttime\short_time_energy.cpp : warning C4828: 文件包含在偏移 0x137 处开始的字符，该字符在当前源字符集中无效(代码页 65001)。
e:\vsproject\cpp_speech\chapter02_tfdomain_shorttime\chapter02_tfdomain_shorttime\short_time_energy.cpp : warning C4828: 文件包含在偏移 0x139 处开始的字符，该字符在当前源字符集中无效(代码页 65001)。
e:\vsproject\cpp_speech\chapter02_tfdomain_shorttime\chapter02_tfdomain_shorttime\short_time_energy.cpp : warning C4828: 文件包含在偏移 0x13a 处开始的字符，该字符在当前源字符集中无效(代码页 65001)。
e:\vsproject\cpp_speech\chapter02_tfdomain_shorttime\chapter02_tfdomain_shorttime\short_time_energy.cpp : warning C4828: 文件包含在偏移 0x13e 处开始的字符，该字符在当前源字符集中无效(代码页 65001)。
e:\vsproject\cpp_speech\chapter02_tfdomain_shorttime\chapter02_tfdomain_shorttime\short_time_energy.cpp : warning C4828: 文件包含在偏移 0x144 处开始的字符，该字符在当前源字符集中无效(代码页 65001)。
e:\vsproject\cpp_speech\chapter02_tfdomain_shorttime\chapter02_tfdomain_shorttime\short_time_energy.cpp : warning C4828: 文件包含在偏移 0x145 处开始的字符，该字符在当前源字符集中无效(代码页 65001)。
e:\vsproject\cpp_speech\chapter02_tfdomain_shorttime\chapter02_tfdomain_shorttime\short_time_energy.cpp : warning C4828: 文件包含在偏移 0x147 处开始的字符，该字符在当前源字符集中无效(代码页 65001)。
e:\vsproject\cpp_speech\chapter02_tfdomain_shorttime\chapter02_tfdomain_shorttime\short_time_energy.cpp : warning C4828: 文件包含在偏移 0x148 处开始的字符，该字符在当前源字符集中无效(代码页 65001)。
e:\vsproject\cpp_speech\chapter02_tfdomain_shorttime\chapter02_tfdomain_shorttime\short_time_energy.cpp : warning C4828: 文件包含在偏移 0x149 处开始的字符，该字符在当前源字符集中无效(代码页 65001)。
e:\vsproject\cpp_speech\chapter02_tfdomain_shorttime\chapter02_tfdomain_shorttime\short_time_energy.cpp : warning C4828: 文件包含在偏移 0x14f 处开始的字符，该字符在当前源字符集中无效(代码页 65001)。
e:\vsproject\cpp_speech\chapter02_tfdomain_shorttime\chapter02_tfdomain_shorttime\short_time_energy.cpp : warning C4828: 文件包含在偏移 0x153 处开始的字符，该字符在当前源字符集中无效(代码页 65001)。
e:\vsproject\cpp_speech\chapter02_tfdomain_shorttime\chapter02_tfdomain_shorttime\short_time_energy.cpp : warning C4828: 文件包含在偏移 0x154 处开始的字符，该字符在当前源字符集中无效(代码页 65001)。
e:\vsproject\cpp_speech\chapter01_aduiofundamental\chapter01_aduiofundamental\enframe.h : warning C4828: 文件包含在偏移 0x77 处开始的字符，该字符在当前源字符集中无效(代码页 65001)。
e:\vsproject\cpp_speech\chapter01_aduiofundamental\chapter01_aduiofundamental\enframe.h : warning C4828: 文件包含在偏移 0x79 处开始的字符，该字符在当前源字符集中无效(代码页 65001)。
e:\vsproject\cpp_speech\chapter01_aduiofundamental\chapter01_aduiofundamental\enframe.h : warning C4828: 文件包含在偏移 0x7a 处开始的字符，该字符在当前源字符集中无效(代码页 65001)。
e:\vsproject\cpp_speech\chapter01_aduiofundamental\chapter01_aduiofundamental\enframe.h : warning C4828: 文件包含在偏移 0x7b 处开始的字符，该字符在当前源字符集中无效(代码页 65001)。
e:\vsproject\cpp_speech\chapter01_aduiofundamental\chapter01_aduiofundamental\enframe.h : warning C4828: 文件包含在偏移 0x7d 处开始的字符，该字符在当前源字符集中无效(代码页 65001)。
e:\vsproject\cpp_speech\chapter01_aduiofundamental\chapter01_aduiofundamental\enframe.h : warning C4828: 文件包含在偏移 0x7e 处开始的字符，该字符在当前源字符集中无效(代码页 65001)。
e:\vsproject\cpp_speech\chapter01_aduiofundamental\chapter01_aduiofundamental\enframe.h : warning C4828: 文件包含在偏移 0x8d 处开始的字符，该字符在当前源字符集中无效(代码页 65001)。
e:\vsproject\cpp_speech\chapter01_aduiofundamental\chapter01_aduiofundamental\enframe.h : warning C4828: 文件包含在偏移 0x8f 处开始的字符，该字符在当前源字符集中无效(代码页 65001)。
e:\vsproject\cpp_speech\chapter01_aduiofundamental\chapter01_aduiofundamental\enframe.h : warning C4828: 文件包含在偏移 0x90 处开始的字符，该字符在当前源字符集中无效(代码页 65001)。
e:\vsproject\cpp_speech\chapter01_aduiofundamental\chapter01_aduiofundamental\enframe.h : warning C4828: 文件包含在偏移 0x91 处开始的字符，该字符在当前源字符集中无效(代码页 65001)。
e:\vsproject\cpp_speech\chapter01_aduiofundamental\chapter01_aduiofundamental\enframe.h : warning C4828: 文件包含在偏移 0x92 处开始的字符，该字符在当前源字符集中无效(代码页 65001)。
e:\vsproject\cpp_speech\chapter01_aduiofundamental\chapter01_aduiofundamental\enframe.h : warning C4828: 文件包含在偏移 0x93 处开始的字符，该字符在当前源字符集中无效(代码页 65001)。
e:\vsproject\cpp_speech\chapter01_aduiofundamental\chapter01_aduiofundamental\enframe.h : warning C4828: 文件包含在偏移 0x95 处开始的字符，该字符在当前源字符集中无效(代码页 65001)。
e:\vsproject\cpp_speech\chapter01_aduiofundamental\chapter01_aduiofundamental\enframe.h : warning C4828: 文件包含在偏移 0x97 处开始的字符，该字符在当前源字符集中无效(代码页 65001)。
e:\vsproject\cpp_speech\chapter01_aduiofundamental\chapter01_aduiofundamental\enframe.h : warning C4828: 文件包含在偏移 0x99 处开始的字符，该字符在当前源字符集中无效(代码页 65001)。
e:\vsproject\cpp_speech\chapter01_aduiofundamental\chapter01_aduiofundamental\enframe.h : warning C4828: 文件包含在偏移 0x9a 处开始的字符，该字符在当前源字符集中无效(代码页 65001)。
e:\vsproject\cpp_speech\chapter01_aduiofundamental\chapter01_aduiofundamental\enframe.h : warning C4828: 文件包含在偏移 0x9b 处开始的字符，该字符在当前源字符集中无效(代码页 65001)。
e:\vsproject\cpp_speech\chapter01_aduiofundamental\chapter01_aduiofundamental\enframe.h : warning C4828: 文件包含在偏移 0x9d 处开始的字符，该字符在当前源字符集中无效(代码页 65001)。
e:\vsproject\cpp_speech\chapter01_aduiofundamental\chapter01_aduiofundamental\enframe.h : warning C4828: 文件包含在偏移 0x9f 处开始的字符，该字符在当前源字符集中无效(代码页 65001)。
e:\vsproject\cpp_speech\chapter01_aduiofundamental\chapter01_aduiofundamental\enframe.h : warning C4828: 文件包含在偏移 0xa1 处开始的字符，该字符在当前源字符集中无效(代码页 65001)。
e:\vsproject\cpp_speech\chapter01_aduiofundamental\chapter01_aduiofundamental\enframe.h : warning C4828: 文件包含在偏移 0xa8 处开始的字符，该字符在当前源字符集中无效(代码页 65001)。
e:\vsproject\cpp_speech\chapter01_aduiofundamental\chapter01_aduiofundamental\enframe.h : warning C4828: 文件包含在偏移 0xa9 处开始的字符，该字符在当前源字符集中无效(代码页 65001)。
e:\vsproject\cpp_speech\chapter01_aduiofundamental\chapter01_aduiofundamental\enframe.h : warning C4828: 文件包含在偏移 0xaa 处开始的字符，该字符在当前源字符集中无效(代码页 65001)。
e:\vsproject\cpp_speech\chapter01_aduiofundamental\chapter01_aduiofundamental\enframe.h : warning C4828: 文件包含在偏移 0xac 处开始的字符，该字符在当前源字符集中无效(代码页 65001)。
e:\vsproject\cpp_speech\chapter01_aduiofundamental\chapter01_aduiofundamental\enframe.h : warning C4828: 文件包含在偏移 0xb2 处开始的字符，该字符在当前源字符集中无效(代码页 65001)。
e:\vsproject\cpp_speech\chapter01_aduiofundamental\chapter01_aduiofundamental\enframe.h : warning C4828: 文件包含在偏移 0xb3 处开始的字符，该字符在当前源字符集中无效(代码页 65001)。
e:\vsproject\cpp_speech\chapter01_aduiofundamental\chapter01_aduiofundamental\enframe.h : warning C4828: 文件包含在偏移 0xb4 处开始的字符，该字符在当前源字符集中无效(代码页 65001)。
e:\vsproject\cpp_speech\chapter01_aduiofundamental\chapter01_aduiofundamental\enframe.h : warning C4828: 文件包含在偏移 0xb5 处开始的字符，该字符在当前源字符集中无效(代码页 65001)。
e:\vsproject\cpp_speech\chapter01_aduiofundamental\chapter01_aduiofundamental\enframe.h : warning C4828: 文件包含在偏移 0xb6 处开始的字符，该字符在当前源字符集中无效(代码页 65001)。
e:\vsproject\cpp_speech\chapter01_aduiofundamental\chapter01_aduiofundamental\enframe.h : warning C4828: 文件包含在偏移 0xb8 处开始的字符，该字符在当前源字符集中无效(代码页 65001)。
e:\vsproject\cpp_speech\chapter01_aduiofundamental\chapter01_aduiofundamental\enframe.h : warning C4828: 文件包含在偏移 0xb9 处开始的字符，该字符在当前源字符集中无效(代码页 65001)。
e:\vsproject\cpp_speech\chapter01_aduiofundamental\chapter01_aduiofundamental\enframe.h : warning C4828: 文件包含在偏移 0xce 处开始的字符，该字符在当前源字符集中无效(代码页 65001)。
e:\vsproject\cpp_speech\chapter01_aduiofundamental\chapter01_aduiofundamental\enframe.h : warning C4828: 文件包含在偏移 0xe1 处开始的字符，该字符在当前源字符集中无效(代码页 65001)。
e:\vsproject\cpp_speech\chapter01_aduiofundamental\chapter01_aduiofundamental\enframe.h : warning C4828: 文件包含在偏移 0xe3 处开始的字符，该字符在当前源字符集中无效(代码页 65001)。
e:\vsproject\cpp_speech\chapter01_aduiofundamental\chapter01_aduiofundamental\enframe.h : warning C4828: 文件包含在偏移 0xe4 处开始的字符，该字符在当前源字符集中无效(代码页 65001)。
e:\vsproject\cpp_speech\chapter01_aduiofundamental\chapter01_aduiofundamental\enframe.h : warning C4828: 文件包含在偏移 0xe8 处开始的字符，该字符在当前源字符集中无效(代码页 65001)。
e:\vsproject\cpp_speech\chapter01_aduiofundamental\chapter01_aduiofundamental\enframe.h : warning C4828: 文件包含在偏移 0xf0 处开始的字符，该字符在当前源字符集中无效(代码页 65001)。
e:\vsproject\cpp_speech\chapter01_aduiofundamental\chapter01_aduiofundamental\enframe.h : warning C4828: 文件包含在偏移 0xf9 处开始的字符，该字符在当前源字符集中无效(代码页 65001)。
e:\vsproject\cpp_speech\chapter01_aduiofundamental\chapter01_aduiofundamental\enframe.h : warning C4828: 文件包含在偏移 0xfb 处开始的字符，该字符在当前源字符集中无效(代码页 65001)。
e:\vsproject\cpp_speech\chapter01_aduiofundamental\chapter01_aduiofundamental\enframe.h : warning C4828: 文件包含在偏移 0xfc 处开始的字符，该字符在当前源字符集中无效(代码页 65001)。
e:\vsproject\cpp_speech\chapter01_aduiofundamental\chapter01_aduiofundamental\enframe.h : warning C4828: 文件包含在偏移 0xfe 处开始的字符，该字符在当前源字符集中无效(代码页 65001)。
e:\vsproject\cpp_speech\chapter01_aduiofundamental\chapter01_aduiofundamental\enframe.h : warning C4828: 文件包含在偏移 0xff 处开始的字符，该字符在当前源字符集中无效(代码页 65001)。
e:\vsproject\cpp_speech\chapter01_aduiofundamental\chapter01_aduiofundamental\enframe.h : warning C4828: 文件包含在偏移 0x101 处开始的字符，该字符在当前源字符集中无效(代码页 65001)。
e:\vsproject\cpp_speech\chapter01_aduiofundamental\chapter01_aduiofundamental\enframe.h : warning C4828: 文件包含在偏移 0x102 处开始的字符，该字符在当前源字符集中无效(代码页 65001)。
e:\vsproject\cpp_speech\chapter01_aduiofundamental\chapter01_aduiofundamental\enframe.h : warning C4828: 文件包含在偏移 0x108 处开始的字符，该字符在当前源字符集中无效(代码页 65001)。
e:\vsproject\cpp_speech\chapter01_aduiofundamental\chapter01_aduiofundamental\enframe.h : warning C4828: 文件包含在偏移 0x10a 处开始的字符，该字符在当前源字符集中无效(代码页 65001)。
e:\vsproject\cpp_speech\chapter01_aduiofundamental\chapter01_aduiofundamental\enframe.h : warning C4828: 文件包含在偏移 0x10b 处开始的字符，该字符在当前源字符集中无效(代码页 65001)。
e:\vsproject\cpp_speech\chapter01_aduiofundamental\chapter01_aduiofundamental\enframe.h : warning C4828: 文件包含在偏移 0x10c 处开始的字符，该字符在当前源字符集中无效(代码页 65001)。
e:\vsproject\cpp_speech\chapter01_aduiofundamental\chapter01_aduiofundamental\enframe.h : warning C4828: 文件包含在偏移 0x110 处开始的字符，该字符在当前源字符集中无效(代码页 65001)。
e:\vsproject\cpp_speech\chapter01_aduiofundamental\chapter01_aduiofundamental\enframe.h : warning C4828: 文件包含在偏移 0x111 处开始的字符，该字符在当前源字符集中无效(代码页 65001)。
e:\vsproject\cpp_speech\chapter01_aduiofundamental\chapter01_aduiofundamental\enframe.h : warning C4828: 文件包含在偏移 0x244 处开始的字符，该字符在当前源字符集中无效(代码页 65001)。
e:\vsproject\cpp_speech\chapter01_aduiofundamental\chapter01_aduiofundamental\enframe.h : warning C4828: 文件包含在偏移 0x246 处开始的字符，该字符在当前源字符集中无效(代码页 65001)。
e:\vsproject\cpp_speech\chapter01_aduiofundamental\chapter01_aduiofundamental\enframe.h : warning C4828: 文件包含在偏移 0x248 处开始的字符，该字符在当前源字符集中无效(代码页 65001)。
e:\vsproject\cpp_speech\chapter01_aduiofundamental\chapter01_aduiofundamental\enframe.h : warning C4828: 文件包含在偏移 0x249 处开始的字符，该字符在当前源字符集中无效(代码页 65001)。
e:\vsproject\cpp_speech\chapter01_aduiofundamental\chapter01_aduiofundamental\enframe.h : warning C4828: 文件包含在偏移 0x24a 处开始的字符，该字符在当前源字符集中无效(代码页 65001)。
e:\vsproject\cpp_speech\chapter01_aduiofundamental\chapter01_aduiofundamental\enframe.h : warning C4828: 文件包含在偏移 0x24c 处开始的字符，该字符在当前源字符集中无效(代码页 65001)。
e:\vsproject\cpp_speech\chapter01_aduiofundamental\chapter01_aduiofundamental\enframe.h : warning C4828: 文件包含在偏移 0x24e 处开始的字符，该字符在当前源字符集中无效(代码页 65001)。
e:\vsproject\cpp_speech\chapter01_aduiofundamental\chapter01_aduiofundamental\enframe.h : warning C4828: 文件包含在偏移 0x250 处开始的字符，该字符在当前源字符集中无效(代码页 65001)。
e:\vsproject\cpp_speech\chapter01_aduiofundamental\chapter01_aduiofundamental\enframe.h : warning C4828: 文件包含在偏移 0x251 处开始的字符，该字符在当前源字符集中无效(代码页 65001)。
e:\vsproject\cpp_speech\chapter01_aduiofundamental\chapter01_aduiofundamental\enframe.h : warning C4828: 文件包含在偏移 0x25a 处开始的字符，该字符在当前源字符集中无效(代码页 65001)。
e:\vsproject\cpp_speech\chapter01_aduiofundamental\chapter01_aduiofundamental\enframe.h : warning C4828: 文件包含在偏移 0x25b 处开始的字符，该字符在当前源字符集中无效(代码页 65001)。
e:\vsproject\cpp_speech\chapter01_aduiofundamental\chapter01_aduiofundamental\enframe.h : warning C4828: 文件包含在偏移 0x25c 处开始的字符，该字符在当前源字符集中无效(代码页 65001)。
e:\vsproject\cpp_speech\chapter01_aduiofundamental\chapter01_aduiofundamental\enframe.h : warning C4828: 文件包含在偏移 0x25d 处开始的字符，该字符在当前源字符集中无效(代码页 65001)。
e:\vsproject\cpp_speech\chapter01_aduiofundamental\chapter01_aduiofundamental\enframe.h : warning C4828: 文件包含在偏移 0x25e 处开始的字符，该字符在当前源字符集中无效(代码页 65001)。
e:\vsproject\cpp_speech\chapter01_aduiofundamental\chapter01_aduiofundamental\enframe.h : warning C4828: 文件包含在偏移 0x25f 处开始的字符，该字符在当前源字符集中无效(代码页 65001)。
e:\vsproject\cpp_speech\chapter01_aduiofundamental\chapter01_aduiofundamental\enframe.h : warning C4828: 文件包含在偏移 0x260 处开始的字符，该字符在当前源字符集中无效(代码页 65001)。
e:\vsproject\cpp_speech\chapter01_aduiofundamental\chapter01_aduiofundamental\enframe.h : warning C4828: 文件包含在偏移 0x265 处开始的字符，该字符在当前源字符集中无效(代码页 65001)。
e:\vsproject\cpp_speech\chapter01_aduiofundamental\chapter01_aduiofundamental\enframe.h : warning C4828: 文件包含在偏移 0x266 处开始的字符，该字符在当前源字符集中无效(代码页 65001)。
e:\vsproject\cpp_speech\chapter01_aduiofundamental\chapter01_aduiofundamental\enframe.h : warning C4828: 文件包含在偏移 0x269 处开始的字符，该字符在当前源字符集中无效(代码页 65001)。
e:\vsproject\cpp_speech\chapter01_aduiofundamental\chapter01_aduiofundamental\enframe.h : warning C4828: 文件包含在偏移 0x27b 处开始的字符，该字符在当前源字符集中无效(代码页 65001)。
e:\vsproject\cpp_speech\chapter01_aduiofundamental\chapter01_aduiofundamental\enframe.h : warning C4828: 文件包含在偏移 0x27d 处开始的字符，该字符在当前源字符集中无效(代码页 65001)。
e:\vsproject\cpp_speech\chapter01_aduiofundamental\chapter01_aduiofundamental\enframe.h : warning C4828: 文件包含在偏移 0x27e 处开始的字符，该字符在当前源字符集中无效(代码页 65001)。
e:\vsproject\cpp_speech\chapter01_aduiofundamental\chapter01_aduiofundamental\enframe.h : warning C4828: 文件包含在偏移 0x282 处开始的字符，该字符在当前源字符集中无效(代码页 65001)。
e:\vsproject\cpp_speech\chapter01_aduiofundamental\chapter01_aduiofundamental\enframe.h : warning C4828: 文件包含在偏移 0x284 处开始的字符，该字符在当前源字符集中无效(代码页 65001)。
e:\vsproject\cpp_speech\chapter01_aduiofundamental\chapter01_aduiofundamental\enframe.h : warning C4828: 文件包含在偏移 0x285 处开始的字符，该字符在当前源字符集中无效(代码页 65001)。
e:\vsproject\cpp_speech\chapter01_aduiofundamental\chapter01_aduiofundamental\enframe.h : warning C4828: 文件包含在偏移 0x286 处开始的字符，该字符在当前源字符集中无效(代码页 65001)。
e:\vsproject\cpp_speech\chapter01_aduiofundamental\chapter01_aduiofundamental\enframe.h : warning C4828: 文件包含在偏移 0x28f 处开始的字符，该字符在当前源字符集中无效(代码页 65001)。
e:\vsproject\cpp_speech\chapter01_aduiofundamental\chapter01_aduiofundamental\enframe.h : warning C4828: 文件包含在偏移 0x296 处开始的字符，该字符在当前源字符集中无效(代码页 65001)。
e:\vsproject\cpp_speech\chapter01_aduiofundamental\chapter01_aduiofundamental\enframe.h : warning C4828: 文件包含在偏移 0x297 处开始的字符，该字符在当前源字符集中无效(代码页 65001)。
e:\vsproject\cpp_speech\chapter01_aduiofundamental\chapter01_aduiofundamental\enframe.h : warning C4828: 文件包含在偏移 0x29d 处开始的字符，该字符在当前源字符集中无效(代码页 65001)。
e:\vsproject\cpp_speech\chapter01_aduiofundamental\chapter01_aduiofundamental\enframe.h : warning C4828: 文件包含在偏移 0x29e 处开始的字符，该字符在当前源字符集中无效(代码页 65001)。
e:\vsproject\cpp_speech\chapter01_aduiofundamental\chapter01_aduiofundamental\enframe.h : warning C4828: 文件包含在偏移 0x29f 处开始的字符，该字符在当前源字符集中无效(代码页 65001)。
e:\vsproject\cpp_speech\chapter01_aduiofundamental\chapter01_aduiofundamental\enframe.h : warning C4828: 文件包含在偏移 0x2a1 处开始的字符，该字符在当前源字符集中无效(代码页 65001)。
e:\vsproject\cpp_speech\chapter01_aduiofundamental\chapter01_aduiofundamental\enframe.h : warning C4828: 文件包含在偏移 0x2a3 处开始的字符，该字符在当前源字符集中无效(代码页 65001)。
e:\vsproject\cpp_speech\chapter01_aduiofundamental\chapter01_aduiofundamental\enframe.h : warning C4828: 文件包含在偏移 0x2a5 处开始的字符，该字符在当前源字符集中无效(代码页 65001)。
e:\vsproject\cpp_speech\chapter01_aduiofundamental\chapter01_aduiofundamental\enframe.h : warning C4828: 文件包含在偏移 0x2a6 处开始的字符，该字符在当前源字符集中无效(代码页 65001)。
e:\vsproject\cpp_speech\chapter01_aduiofundamental\chapter01_aduiofundamental\enframe.h : warning C4828: 文件包含在偏移 0x2a7 处开始的字符，该字符在当前源字符集中无效(代码页 65001)。
e:\vsproject\cpp_speech\chapter01_aduiofundamental\chapter01_aduiofundamental\enframe.h : warning C4828: 文件包含在偏移 0x2a8 处开始的字符，该字符在当前源字符集中无效(代码页 65001)。
e:\vsproject\cpp_speech\chapter01_aduiofundamental\chapter01_aduiofundamental\enframe.h : warning C4828: 文件包含在偏移 0x2aa 处开始的字符，该字符在当前源字符集中无效(代码页 65001)。
e:\vsproject\cpp_speech\chapter01_aduiofundamental\chapter01_aduiofundamental\enframe.h : warning C4828: 文件包含在偏移 0x2b0 处开始的字符，该字符在当前源字符集中无效(代码页 65001)。
e:\vsproject\cpp_speech\chapter01_aduiofundamental\chapter01_aduiofundamental\enframe.h : warning C4828: 文件包含在偏移 0x2b2 处开始的字符，该字符在当前源字符集中无效(代码页 65001)。
e:\vsproject\cpp_speech\chapter01_aduiofundamental\chapter01_aduiofundamental\enframe.h : warning C4828: 文件包含在偏移 0x2b4 处开始的字符，该字符在当前源字符集中无效(代码页 65001)。
e:\vsproject\cpp_speech\chapter01_aduiofundamental\chapter01_aduiofundamental\enframe.h : warning C4828: 文件包含在偏移 0x2b5 处开始的字符，该字符在当前源字符集中无效(代码页 65001)。
e:\vsproject\cpp_speech\chapter01_aduiofundamental\chapter01_aduiofundamental\enframe.h : warning C4828: 文件包含在偏移 0x2c8 处开始的字符，该字符在当前源字符集中无效(代码页 65001)。
e:\vsproject\cpp_speech\chapter01_aduiofundamental\chapter01_aduiofundamental\enframe.h : warning C4828: 文件包含在偏移 0x2ca 处开始的字符，该字符在当前源字符集中无效(代码页 65001)。
e:\vsproject\cpp_speech\chapter01_aduiofundamental\chapter01_aduiofundamental\enframe.h : warning C4828: 文件包含在偏移 0x2cc 处开始的字符，该字符在当前源字符集中无效(代码页 65001)。
e:\vsproject\cpp_speech\chapter01_aduiofundamental\chapter01_aduiofundamental\enframe.h : warning C4828: 文件包含在偏移 0x2cd 处开始的字符，该字符在当前源字符集中无效(代码页 65001)。
e:\vsproject\cpp_speech\chapter01_aduiofundamental\chapter01_aduiofundamental\enframe.h : warning C4828: 文件包含在偏移 0x2dd 处开始的字符，该字符在当前源字符集中无效(代码页 65001)。
e:\vsproject\cpp_speech\chapter01_aduiofundamental\chapter01_aduiofundamental\enframe.h : warning C4828: 文件包含在偏移 0x2df 处开始的字符，该字符在当前源字符集中无效(代码页 65001)。
e:\vsproject\cpp_speech\chapter01_aduiofundamental\chapter01_aduiofundamental\enframe.h : warning C4828: 文件包含在偏移 0x2e0 处开始的字符，该字符在当前源字符集中无效(代码页 65001)。
e:\vsproject\cpp_speech\chapter01_aduiofundamental\chapter01_aduiofundamental\enframe.h : warning C4828: 文件包含在偏移 0x2e4 处开始的字符，该字符在当前源字符集中无效(代码页 65001)。
e:\vsproject\cpp_speech\chapter01_aduiofundamental\chapter01_aduiofundamental\enframe.h : warning C4828: 文件包含在偏移 0x2ea 处开始的字符，该字符在当前源字符集中无效(代码页 65001)。
e:\vsproject\cpp_speech\chapter01_aduiofundamental\chapter01_aduiofundamental\enframe.h : warning C4828: 文件包含在偏移 0x2eb 处开始的字符，该字符在当前源字符集中无效(代码页 65001)。
e:\vsproject\cpp_speech\chapter01_aduiofundamental\chapter01_aduiofundamental\enframe.h : warning C4828: 文件包含在偏移 0x2ed 处开始的字符，该字符在当前源字符集中无效(代码页 65001)。
e:\vsproject\cpp_speech\chapter01_aduiofundamental\chapter01_aduiofundamental\enframe.h : warning C4828: 文件包含在偏移 0x2ee 处开始的字符，该字符在当前源字符集中无效(代码页 65001)。
e:\vsproject\cpp_speech\chapter01_aduiofundamental\chapter01_aduiofundamental\enframe.h : warning C4828: 文件包含在偏移 0x2ef 处开始的字符，该字符在当前源字符集中无效(代码页 65001)。
e:\vsproject\cpp_speech\chapter01_aduiofundamental\chapter01_aduiofundamental\enframe.h : warning C4828: 文件包含在偏移 0x2f5 处开始的字符，该字符在当前源字符集中无效(代码页 65001)。
e:\vsproject\cpp_speech\chapter01_aduiofundamental\chapter01_aduiofundamental\enframe.h : warning C4828: 文件包含在偏移 0x2f7 处开始的字符，该字符在当前源字符集中无效(代码页 65001)。
e:\vsproject\cpp_speech\chapter01_aduiofundamental\chapter01_aduiofundamental\enframe.h : warning C4828: 文件包含在偏移 0x2f9 处开始的字符，该字符在当前源字符集中无效(代码页 65001)。
e:\vsproject\cpp_speech\chapter01_aduiofundamental\chapter01_aduiofundamental\enframe.h : warning C4828: 文件包含在偏移 0x2fa 处开始的字符，该字符在当前源字符集中无效(代码页 65001)。
e:\vsproject\cpp_speech\chapter01_aduiofundamental\chapter01_aduiofundamental\enframe.h : warning C4828: 文件包含在偏移 0x300 处开始的字符，该字符在当前源字符集中无效(代码页 65001)。
e:\vsproject\cpp_speech\chapter01_aduiofundamental\chapter01_aduiofundamental\enframe.h : warning C4828: 文件包含在偏移 0x302 处开始的字符，该字符在当前源字符集中无效(代码页 65001)。
e:\vsproject\cpp_speech\chapter01_aduiofundamental\chapter01_aduiofundamental\enframe.h : warning C4828: 文件包含在偏移 0x303 处开始的字符，该字符在当前源字符集中无效(代码页 65001)。
e:\vsproject\cpp_speech\chapter01_aduiofundamental\chapter01_aduiofundamental\enframe.h : warning C4828: 文件包含在偏移 0x307 处开始的字符，该字符在当前源字符集中无效(代码页 65001)。
e:\vsproject\cpp_speech\chapter01_aduiofundamental\chapter01_aduiofundamental\enframe.h : warning C4828: 文件包含在偏移 0x30d 处开始的字符，该字符在当前源字符集中无效(代码页 65001)。
e:\vsproject\cpp_speech\chapter01_aduiofundamental\chapter01_aduiofundamental\enframe.h : warning C4828: 文件包含在偏移 0x30e 处开始的字符，该字符在当前源字符集中无效(代码页 65001)。
e:\vsproject\cpp_speech\chapter01_aduiofundamental\chapter01_aduiofundamental\enframe.h : warning C4828: 文件包含在偏移 0x310 处开始的字符，该字符在当前源字符集中无效(代码页 65001)。
e:\vsproject\cpp_speech\chapter01_aduiofundamental\chapter01_aduiofundamental\enframe.h : warning C4828: 文件包含在偏移 0x311 处开始的字符，该字符在当前源字符集中无效(代码页 65001)。
e:\vsproject\cpp_speech\chapter01_aduiofundamental\chapter01_aduiofundamental\enframe.h : warning C4828: 文件包含在偏移 0x312 处开始的字符，该字符在当前源字符集中无效(代码页 65001)。
e:\vsproject\cpp_speech\chapter01_aduiofundamental\chapter01_aduiofundamental\enframe.h : warning C4828: 文件包含在偏移 0x318 处开始的字符，该字符在当前源字符集中无效(代码页 65001)。
e:\vsproject\cpp_speech\chapter01_aduiofundamental\chapter01_aduiofundamental\enframe.h : warning C4828: 文件包含在偏移 0x31c 处开始的字符，该字符在当前源字符集中无效(代码页 65001)。
e:\vsproject\cpp_speech\chapter01_aduiofundamental\chapter01_aduiofundamental\enframe.h : warning C4828: 文件包含在偏移 0x31d 处开始的字符，该字符在当前源字符集中无效(代码页 65001)。
e:\vsproject\cpp_speech\chapter01_aduiofundamental\chapter01_aduiofundamental\enframe.h : warning C4828: 文件包含在偏移 0x414 处开始的字符，该字符在当前源字符集中无效(代码页 65001)。
e:\vsproject\cpp_speech\chapter01_aduiofundamental\chapter01_aduiofundamental\enframe.h : warning C4828: 文件包含在偏移 0x416 处开始的字符，该字符在当前源字符集中无效(代码页 65001)。
e:\vsproject\cpp_speech\chapter01_aduiofundamental\chapter01_aduiofundamental\enframe.h : warning C4828: 文件包含在偏移 0x418 处开始的字符，该字符在当前源字符集中无效(代码页 65001)。
e:\vsproject\cpp_speech\chapter01_aduiofundamental\chapter01_aduiofundamental\enframe.h : warning C4828: 文件包含在偏移 0x419 处开始的字符，该字符在当前源字符集中无效(代码页 65001)。
e:\vsproject\cpp_speech\chapter01_aduiofundamental\chapter01_aduiofundamental\enframe.h : warning C4828: 文件包含在偏移 0x41a 处开始的字符，该字符在当前源字符集中无效(代码页 65001)。
e:\vsproject\cpp_speech\chapter01_aduiofundamental\chapter01_aduiofundamental\enframe.h : warning C4828: 文件包含在偏移 0x41b 处开始的字符，该字符在当前源字符集中无效(代码页 65001)。
e:\vsproject\cpp_speech\chapter01_aduiofundamental\chapter01_aduiofundamental\enframe.h : warning C4828: 文件包含在偏移 0x41c 处开始的字符，该字符在当前源字符集中无效(代码页 65001)。
e:\vsproject\cpp_speech\chapter01_aduiofundamental\chapter01_aduiofundamental\enframe.h : warning C4828: 文件包含在偏移 0x41d 处开始的字符，该字符在当前源字符集中无效(代码页 65001)。
e:\vsproject\cpp_speech\chapter01_aduiofundamental\chapter01_aduiofundamental\enframe.h : warning C4828: 文件包含在偏移 0x41e 处开始的字符，该字符在当前源字符集中无效(代码页 65001)。
e:\vsproject\cpp_speech\chapter01_aduiofundamental\chapter01_aduiofundamental\enframe.h : warning C4828: 文件包含在偏移 0x41f 处开始的字符，该字符在当前源字符集中无效(代码页 65001)。
e:\vsproject\cpp_speech\chapter01_aduiofundamental\chapter01_aduiofundamental\enframe.h : warning C4828: 文件包含在偏移 0x423 处开始的字符，该字符在当前源字符集中无效(代码页 65001)。
e:\vsproject\cpp_speech\chapter01_aduiofundamental\chapter01_aduiofundamental\enframe.h : warning C4828: 文件包含在偏移 0x424 处开始的字符，该字符在当前源字符集中无效(代码页 65001)。
e:\vsproject\cpp_speech\chapter01_aduiofundamental\chapter01_aduiofundamental\enframe.h : warning C4828: 文件包含在偏移 0x425 处开始的字符，该字符在当前源字符集中无效(代码页 65001)。
e:\vsproject\cpp_speech\chapter01_aduiofundamental\chapter01_aduiofundamental\enframe.h : warning C4828: 文件包含在偏移 0x426 处开始的字符，该字符在当前源字符集中无效(代码页 65001)。
e:\vsproject\cpp_speech\chapter01_aduiofundamental\chapter01_aduiofundamental\enframe.h : warning C4828: 文件包含在偏移 0x427 处开始的字符，该字符在当前源字符集中无效(代码页 65001)。
e:\vsproject\cpp_speech\chapter01_aduiofundamental\chapter01_aduiofundamental\enframe.h : warning C4828: 文件包含在偏移 0x428 处开始的字符，该字符在当前源字符集中无效(代码页 65001)。
e:\vsproject\cpp_speech\chapter01_aduiofundamental\chapter01_aduiofundamental\enframe.h : warning C4828: 文件包含在偏移 0x429 处开始的字符，该字符在当前源字符集中无效(代码页 65001)。
e:\vsproject\cpp_speech\chapter01_aduiofundamental\chapter01_aduiofundamental\enframe.h : warning C4828: 文件包含在偏移 0x42a 处开始的字符，该字符在当前源字符集中无效(代码页 65001)。
e:\vsproject\cpp_speech\chapter01_aduiofundamental\chapter01_aduiofundamental\enframe.h : warning C4828: 文件包含在偏移 0x42d 处开始的字符，该字符在当前源字符集中无效(代码页 65001)。
e:\vsproject\cpp_speech\chapter01_aduiofundamental\chapter01_aduiofundamental\enframe.h : warning C4828: 文件包含在偏移 0x42e 处开始的字符，该字符在当前源字符集中无效(代码页 65001)。
e:\vsproject\cpp_speech\chapter01_aduiofundamental\chapter01_aduiofundamental\enframe.h : warning C4828: 文件包含在偏移 0x42f 处开始的字符，该字符在当前源字符集中无效(代码页 65001)。
e:\vsproject\cpp_speech\chapter01_aduiofundamental\chapter01_aduiofundamental\enframe.h : warning C4828: 文件包含在偏移 0x430 处开始的字符，该字符在当前源字符集中无效(代码页 65001)。
e:\vsproject\cpp_speech\chapter01_aduiofundamental\chapter01_aduiofundamental\enframe.h : warning C4828: 文件包含在偏移 0x432 处开始的字符，该字符在当前源字符集中无效(代码页 65001)。
e:\vsproject\cpp_speech\chapter01_aduiofundamental\chapter01_aduiofundamental\enframe.h : warning C4828: 文件包含在偏移 0x43d 处开始的字符，该字符在当前源字符集中无效(代码页 65001)。
e:\vsproject\cpp_speech\chapter01_aduiofundamental\chapter01_aduiofundamental\enframe.h : warning C4828: 文件包含在偏移 0x43e 处开始的字符，该字符在当前源字符集中无效(代码页 65001)。
e:\vsproject\cpp_speech\chapter01_aduiofundamental\chapter01_aduiofundamental\enframe.h : warning C4828: 文件包含在偏移 0x43f 处开始的字符，该字符在当前源字符集中无效(代码页 65001)。
e:\vsproject\cpp_speech\chapter01_aduiofundamental\chapter01_aduiofundamental\enframe.h : warning C4828: 文件包含在偏移 0x44b 处开始的字符，该字符在当前源字符集中无效(代码页 65001)。
e:\vsproject\cpp_speech\chapter01_aduiofundamental\chapter01_aduiofundamental\enframe.h : warning C4828: 文件包含在偏移 0x44c 处开始的字符，该字符在当前源字符集中无效(代码页 65001)。
e:\vsproject\cpp_speech\chapter01_aduiofundamental\chapter01_aduiofundamental\enframe.h : warning C4828: 文件包含在偏移 0x44d 处开始的字符，该字符在当前源字符集中无效(代码页 65001)。
e:\vsproject\cpp_speech\chapter01_aduiofundamental\chapter01_aduiofundamental\enframe.h : warning C4828: 文件包含在偏移 0x45d 处开始的字符，该字符在当前源字符集中无效(代码页 65001)。
e:\vsproject\cpp_speech\chapter01_aduiofundamental\chapter01_aduiofundamental\enframe.h : warning C4828: 文件包含在偏移 0x45f 处开始的字符，该字符在当前源字符集中无效(代码页 65001)。
e:\vsproject\cpp_speech\chapter01_aduiofundamental\chapter01_aduiofundamental\enframe.h : warning C4828: 文件包含在偏移 0x460 处开始的字符，该字符在当前源字符集中无效(代码页 65001)。
e:\vsproject\cpp_speech\chapter01_aduiofundamental\chapter01_aduiofundamental\enframe.h : warning C4828: 文件包含在偏移 0x464 处开始的字符，该字符在当前源字符集中无效(代码页 65001)。
e:\vsproject\cpp_speech\chapter01_aduiofundamental\chapter01_aduiofundamental\enframe.h : warning C4828: 文件包含在偏移 0x465 处开始的字符，该字符在当前源字符集中无效(代码页 65001)。
e:\vsproject\cpp_speech\chapter01_aduiofundamental\chapter01_aduiofundamental\enframe.h : warning C4828: 文件包含在偏移 0x466 处开始的字符，该字符在当前源字符集中无效(代码页 65001)。
e:\vsproject\cpp_speech\chapter01_aduiofundamental\chapter01_aduiofundamental\enframe.h : warning C4828: 文件包含在偏移 0x467 处开始的字符，该字符在当前源字符集中无效(代码页 65001)。
e:\vsproject\cpp_speech\chapter01_aduiofundamental\chapter01_aduiofundamental\enframe.h : warning C4828: 文件包含在偏移 0x469 处开始的字符，该字符在当前源字符集中无效(代码页 65001)。
e:\vsproject\cpp_speech\chapter01_aduiofundamental\chapter01_aduiofundamental\enframe.h : warning C4828: 文件包含在偏移 0x46a 处开始的字符，该字符在当前源字符集中无效(代码页 65001)。
e:\vsproject\cpp_speech\chapter01_aduiofundamental\chapter01_aduiofundamental\enframe.h : warning C4828: 文件包含在偏移 0x471 处开始的字符，该字符在当前源字符集中无效(代码页 65001)。
e:\vsproject\cpp_speech\chapter01_aduiofundamental\chapter01_aduiofundamental\enframe.h : warning C4828: 文件包含在偏移 0x472 处开始的字符，该字符在当前源字符集中无效(代码页 65001)。
e:\vsproject\cpp_speech\chapter01_aduiofundamental\chapter01_aduiofundamental\enframe.h : warning C4828: 文件包含在偏移 0x478 处开始的字符，该字符在当前源字符集中无效(代码页 65001)。
e:\vsproject\cpp_speech\chapter01_aduiofundamental\chapter01_aduiofundamental\enframe.h : warning C4828: 文件包含在偏移 0x479 处开始的字符，该字符在当前源字符集中无效(代码页 65001)。
e:\vsproject\cpp_speech\chapter01_aduiofundamental\chapter01_aduiofundamental\enframe.h : warning C4828: 文件包含在偏移 0x47a 处开始的字符，该字符在当前源字符集中无效(代码页 65001)。
e:\vsproject\cpp_speech\chapter01_aduiofundamental\chapter01_aduiofundamental\enframe.h : warning C4828: 文件包含在偏移 0x47c 处开始的字符，该字符在当前源字符集中无效(代码页 65001)。
e:\vsproject\cpp_speech\chapter01_aduiofundamental\chapter01_aduiofundamental\enframe.h : warning C4828: 文件包含在偏移 0x47e 处开始的字符，该字符在当前源字符集中无效(代码页 65001)。
e:\vsproject\cpp_speech\chapter01_aduiofundamental\chapter01_aduiofundamental\enframe.h : warning C4828: 文件包含在偏移 0x480 处开始的字符，该字符在当前源字符集中无效(代码页 65001)。
e:\vsproject\cpp_speech\chapter01_aduiofundamental\chapter01_aduiofundamental\enframe.h : warning C4828: 文件包含在偏移 0x481 处开始的字符，该字符在当前源字符集中无效(代码页 65001)。
e:\vsproject\cpp_speech\chapter01_aduiofundamental\chapter01_aduiofundamental\enframe.h : warning C4828: 文件包含在偏移 0x482 处开始的字符，该字符在当前源字符集中无效(代码页 65001)。
e:\vsproject\cpp_speech\chapter01_aduiofundamental\chapter01_aduiofundamental\enframe.h : warning C4828: 文件包含在偏移 0x483 处开始的字符，该字符在当前源字符集中无效(代码页 65001)。
e:\vsproject\cpp_speech\chapter01_aduiofundamental\chapter01_aduiofundamental\enframe.h : warning C4828: 文件包含在偏移 0x484 处开始的字符，该字符在当前源字符集中无效(代码页 65001)。
e:\vsproject\cpp_speech\chapter01_aduiofundamental\chapter01_aduiofundamental\enframe.h : warning C4828: 文件包含在偏移 0x485 处开始的字符，该字符在当前源字符集中无效(代码页 65001)。
e:\vsproject\cpp_speech\chapter01_aduiofundamental\chapter01_aduiofundamental\enframe.h : warning C4828: 文件包含在偏移 0x486 处开始的字符，该字符在当前源字符集中无效(代码页 65001)。
e:\vsproject\cpp_speech\chapter01_aduiofundamental\chapter01_aduiofundamental\enframe.h : warning C4828: 文件包含在偏移 0x488 处开始的字符，该字符在当前源字符集中无效(代码页 65001)。
e:\vsproject\cpp_speech\chapter01_aduiofundamental\chapter01_aduiofundamental\enframe.h : warning C4828: 文件包含在偏移 0x489 处开始的字符，该字符在当前源字符集中无效(代码页 65001)。
e:\vsproject\cpp_speech\chapter01_aduiofundamental\chapter01_aduiofundamental\enframe.h : warning C4828: 文件包含在偏移 0x491 处开始的字符，该字符在当前源字符集中无效(代码页 65001)。
e:\vsproject\cpp_speech\chapter01_aduiofundamental\chapter01_aduiofundamental\enframe.h : warning C4828: 文件包含在偏移 0x493 处开始的字符，该字符在当前源字符集中无效(代码页 65001)。
e:\vsproject\cpp_speech\chapter01_aduiofundamental\chapter01_aduiofundamental\enframe.h : warning C4828: 文件包含在偏移 0x495 处开始的字符，该字符在当前源字符集中无效(代码页 65001)。
e:\vsproject\cpp_speech\chapter01_aduiofundamental\chapter01_aduiofundamental\enframe.h : warning C4828: 文件包含在偏移 0x496 处开始的字符，该字符在当前源字符集中无效(代码页 65001)。
e:\vsproject\cpp_speech\chapter01_aduiofundamental\chapter01_aduiofundamental\enframe.h : warning C4828: 文件包含在偏移 0x4a9 处开始的字符，该字符在当前源字符集中无效(代码页 65001)。
e:\vsproject\cpp_speech\chapter01_aduiofundamental\chapter01_aduiofundamental\enframe.h : warning C4828: 文件包含在偏移 0x4ab 处开始的字符，该字符在当前源字符集中无效(代码页 65001)。
e:\vsproject\cpp_speech\chapter01_aduiofundamental\chapter01_aduiofundamental\enframe.h : warning C4828: 文件包含在偏移 0x4ad 处开始的字符，该字符在当前源字符集中无效(代码页 65001)。
e:\vsproject\cpp_speech\chapter01_aduiofundamental\chapter01_aduiofundamental\enframe.h : warning C4828: 文件包含在偏移 0x4ae 处开始的字符，该字符在当前源字符集中无效(代码页 65001)。
e:\vsproject\cpp_speech\chapter01_aduiofundamental\chapter01_aduiofundamental\enframe.h : warning C4828: 文件包含在偏移 0x4be 处开始的字符，该字符在当前源字符集中无效(代码页 65001)。
e:\vsproject\cpp_speech\chapter01_aduiofundamental\chapter01_aduiofundamental\enframe.h : warning C4828: 文件包含在偏移 0x4c0 处开始的字符，该字符在当前源字符集中无效(代码页 65001)。
e:\vsproject\cpp_speech\chapter01_aduiofundamental\chapter01_aduiofundamental\enframe.h : warning C4828: 文件包含在偏移 0x4c1 处开始的字符，该字符在当前源字符集中无效(代码页 65001)。
e:\vsproject\cpp_speech\chapter01_aduiofundamental\chapter01_aduiofundamental\enframe.h : warning C4828: 文件包含在偏移 0x4c5 处开始的字符，该字符在当前源字符集中无效(代码页 65001)。
e:\vsproject\cpp_speech\chapter01_aduiofundamental\chapter01_aduiofundamental\enframe.h : warning C4828: 文件包含在偏移 0x4cb 处开始的字符，该字符在当前源字符集中无效(代码页 65001)。
e:\vsproject\cpp_speech\chapter01_aduiofundamental\chapter01_aduiofundamental\enframe.h : warning C4828: 文件包含在偏移 0x4cc 处开始的字符，该字符在当前源字符集中无效(代码页 65001)。
e:\vsproject\cpp_speech\chapter01_aduiofundamental\chapter01_aduiofundamental\enframe.h : warning C4828: 文件包含在偏移 0x4ce 处开始的字符，该字符在当前源字符集中无效(代码页 65001)。
e:\vsproject\cpp_speech\chapter01_aduiofundamental\chapter01_aduiofundamental\enframe.h : warning C4828: 文件包含在偏移 0x4cf 处开始的字符，该字符在当前源字符集中无效(代码页 65001)。
e:\vsproject\cpp_speech\chapter01_aduiofundamental\chapter01_aduiofundamental\enframe.h : warning C4828: 文件包含在偏移 0x4d0 处开始的字符，该字符在当前源字符集中无效(代码页 65001)。
e:\vsproject\cpp_speech\chapter01_aduiofundamental\chapter01_aduiofundamental\enframe.h : warning C4828: 文件包含在偏移 0x4d6 处开始的字符，该字符在当前源字符集中无效(代码页 65001)。
e:\vsproject\cpp_speech\chapter01_aduiofundamental\chapter01_aduiofundamental\enframe.h : warning C4828: 文件包含在偏移 0x4d8 处开始的字符，该字符在当前源字符集中无效(代码页 65001)。
e:\vsproject\cpp_speech\chapter01_aduiofundamental\chapter01_aduiofundamental\enframe.h : warning C4828: 文件包含在偏移 0x4da 处开始的字符，该字符在当前源字符集中无效(代码页 65001)。
e:\vsproject\cpp_speech\chapter01_aduiofundamental\chapter01_aduiofundamental\enframe.h : warning C4828: 文件包含在偏移 0x4db 处开始的字符，该字符在当前源字符集中无效(代码页 65001)。
e:\vsproject\cpp_speech\chapter01_aduiofundamental\chapter01_aduiofundamental\enframe.h : warning C4828: 文件包含在偏移 0x4e1 处开始的字符，该字符在当前源字符集中无效(代码页 65001)。
e:\vsproject\cpp_speech\chapter01_aduiofundamental\chapter01_aduiofundamental\enframe.h : warning C4828: 文件包含在偏移 0x4e3 处开始的字符，该字符在当前源字符集中无效(代码页 65001)。
e:\vsproject\cpp_speech\chapter01_aduiofundamental\chapter01_aduiofundamental\enframe.h : warning C4828: 文件包含在偏移 0x4e4 处开始的字符，该字符在当前源字符集中无效(代码页 65001)。
e:\vsproject\cpp_speech\chapter01_aduiofundamental\chapter01_aduiofundamental\enframe.h : warning C4828: 文件包含在偏移 0x4e8 处开始的字符，该字符在当前源字符集中无效(代码页 65001)。
e:\vsproject\cpp_speech\chapter01_aduiofundamental\chapter01_aduiofundamental\enframe.h : warning C4828: 文件包含在偏移 0x4ee 处开始的字符，该字符在当前源字符集中无效(代码页 65001)。
e:\vsproject\cpp_speech\chapter01_aduiofundamental\chapter01_aduiofundamental\enframe.h : warning C4828: 文件包含在偏移 0x4ef 处开始的字符，该字符在当前源字符集中无效(代码页 65001)。
e:\vsproject\cpp_speech\chapter01_aduiofundamental\chapter01_aduiofundamental\enframe.h : warning C4828: 文件包含在偏移 0x4f1 处开始的字符，该字符在当前源字符集中无效(代码页 65001)。
e:\vsproject\cpp_speech\chapter01_aduiofundamental\chapter01_aduiofundamental\enframe.h : warning C4828: 文件包含在偏移 0x4f2 处开始的字符，该字符在当前源字符集中无效(代码页 65001)。
e:\vsproject\cpp_speech\chapter01_aduiofundamental\chapter01_aduiofundamental\enframe.h : warning C4828: 文件包含在偏移 0x4f3 处开始的字符，该字符在当前源字符集中无效(代码页 65001)。
e:\vsproject\cpp_speech\chapter01_aduiofundamental\chapter01_aduiofundamental\enframe.h : warning C4828: 文件包含在偏移 0x4f9 处开始的字符，该字符在当前源字符集中无效(代码页 65001)。
e:\vsproject\cpp_speech\chapter01_aduiofundamental\chapter01_aduiofundamental\enframe.h : warning C4828: 文件包含在偏移 0x4fd 处开始的字符，该字符在当前源字符集中无效(代码页 65001)。
e:\vsproject\cpp_speech\chapter01_aduiofundamental\chapter01_aduiofundamental\enframe.h : warning C4828: 文件包含在偏移 0x4fe 处开始的字符，该字符在当前源字符集中无效(代码页 65001)。
e:\vsproject\cpp_speech\chapter02_tfdomain_shorttime\chapter02_tfdomain_shorttime\short_time_energy.cpp(19): error C4716: “energy”: 必须返回一个值
