  universal.cpp
e:\vsproject\cpp_speech\chapter02_tfdomain_shorttime\chapter02_tfdomain_shorttime\universal.cpp(157): warning C4244: “初始化”: 从“std::streamoff”转换到“int”，可能丢失数据
e:\vsproject\cpp_speech\chapter02_tfdomain_shorttime\chapter02_tfdomain_shorttime\universal.cpp(454): warning C4267: “初始化”: 从“size_t”转换到“int”，可能丢失数据
e:\vsproject\cpp_speech\chapter02_tfdomain_shorttime\chapter02_tfdomain_shorttime\universal.cpp(541): warning C4305: “参数”: 从“double”到“GLclampf”截断
e:\vsproject\cpp_speech\chapter02_tfdomain_shorttime\chapter02_tfdomain_shorttime\universal.cpp(555): warning C4267: “初始化”: 从“size_t”转换到“int”，可能丢失数据
e:\vsproject\cpp_speech\chapter02_tfdomain_shorttime\chapter02_tfdomain_shorttime\universal.cpp(557): warning C4244: “=”: 从“double”转换到“float”，可能丢失数据
e:\vsproject\cpp_speech\chapter02_tfdomain_shorttime\chapter02_tfdomain_shorttime\universal.cpp(564): warning C4244: “=”: 从“double”转换到“float”，可能丢失数据
e:\vsproject\cpp_speech\chapter02_tfdomain_shorttime\chapter02_tfdomain_shorttime\universal.cpp(592): warning C4267: “=”: 从“size_t”转换到“int”，可能丢失数据
e:\vsproject\cpp_speech\chapter02_tfdomain_shorttime\chapter02_tfdomain_shorttime\universal.cpp(593): warning C4267: “=”: 从“size_t”转换到“int”，可能丢失数据
e:\vsproject\cpp_speech\chapter02_tfdomain_shorttime\chapter02_tfdomain_shorttime\universal.cpp(668): warning C4267: “=”: 从“size_t”转换到“int”，可能丢失数据
e:\vsproject\cpp_speech\chapter02_tfdomain_shorttime\chapter02_tfdomain_shorttime\universal.cpp(684): warning C4244: “=”: 从“double”转换到“int”，可能丢失数据
e:\vsproject\cpp_speech\chapter02_tfdomain_shorttime\chapter02_tfdomain_shorttime\universal.cpp(733): warning C4267: “初始化”: 从“size_t”转换到“uint32_t”，可能丢失数据
e:\vsproject\cpp_speech\chapter02_tfdomain_shorttime\chapter02_tfdomain_shorttime\universal.cpp(738): warning C4018: “<”: 有符号/无符号不匹配
e:\vsproject\cpp_speech\chapter02_tfdomain_shorttime\chapter02_tfdomain_shorttime\universal.cpp(740): warning C4244: “=”: 从“double”转换到“int”，可能丢失数据
e:\vsproject\cpp_speech\chapter02_tfdomain_shorttime\chapter02_tfdomain_shorttime\universal.cpp(762): warning C4267: “初始化”: 从“size_t”转换到“int”，可能丢失数据
  spline.cpp
  main.cpp
e:\vsproject\cpp_speech\chapter02_tfdomain_shorttime\chapter02_tfdomain_shorttime\main.cpp(26): warning C4267: “初始化”: 从“size_t”转换到“int”，可能丢失数据
  glad.c
  正在生成代码...
universal.obj : error LNK2019: 无法解析的外部符号 glfwInit，该符号在函数 "int __cdecl GLFWPlot(class std::vector<double,class std::allocator<double> >,char const *)" (?GLFWPlot@@YAHV?$vector@NV?$allocator@N@std@@@std@@PEBD@Z) 中被引用
universal.obj : error LNK2019: 无法解析的外部符号 glfwTerminate，该符号在函数 "int __cdecl GLFWPlot(class std::vector<double,class std::allocator<double> >,char const *)" (?GLFWPlot@@YAHV?$vector@NV?$allocator@N@std@@@std@@PEBD@Z) 中被引用
universal.obj : error LNK2019: 无法解析的外部符号 glfwCreateWindow，该符号在函数 "int __cdecl GLFWPlot(class std::vector<double,class std::allocator<double> >,char const *)" (?GLFWPlot@@YAHV?$vector@NV?$allocator@N@std@@@std@@PEBD@Z) 中被引用
universal.obj : error LNK2019: 无法解析的外部符号 glfwWindowShouldClose，该符号在函数 "int __cdecl GLFWPlot(class std::vector<double,class std::allocator<double> >,char const *)" (?GLFWPlot@@YAHV?$vector@NV?$allocator@N@std@@@std@@PEBD@Z) 中被引用
universal.obj : error LNK2019: 无法解析的外部符号 glfwPollEvents，该符号在函数 "int __cdecl GLFWPlot(class std::vector<double,class std::allocator<double> >,char const *)" (?GLFWPlot@@YAHV?$vector@NV?$allocator@N@std@@@std@@PEBD@Z) 中被引用
universal.obj : error LNK2019: 无法解析的外部符号 glfwMakeContextCurrent，该符号在函数 "int __cdecl GLFWPlot(class std::vector<double,class std::allocator<double> >,char const *)" (?GLFWPlot@@YAHV?$vector@NV?$allocator@N@std@@@std@@PEBD@Z) 中被引用
universal.obj : error LNK2019: 无法解析的外部符号 glfwSwapBuffers，该符号在函数 "int __cdecl GLFWPlot(class std::vector<double,class std::allocator<double> >,char const *)" (?GLFWPlot@@YAHV?$vector@NV?$allocator@N@std@@@std@@PEBD@Z) 中被引用
H:\EXE\glfw-3.3.5.bin.WIN32\lib-vc2015\glfw3.lib : warning LNK4272: 库计算机类型“X86”与目标计算机类型“x64”冲突
H:\EXE\glfw-3.3.5.bin.WIN32\lib-vc2015\glfw3dll.lib : warning LNK4272: 库计算机类型“X86”与目标计算机类型“x64”冲突
E:\VSProject\Cpp_Speech\Chapter02_TFDomain_ShortTime\x64\Debug\Chapter02_TFDomain_ShortTime.exe : fatal error LNK1120: 7 个无法解析的外部命令
